<?xml version="1.0" encoding="UTF-8"?>
<testsuite xmlns:xsi="http://www.w3.org/2001/XMLSchema-instance" xsi:noNamespaceSchemaLocation="https://maven.apache.org/surefire/maven-surefire-plugin/xsd/surefire-test-report.xsd" name="com.qualiprobdd.e2etests.Test" time="0.447" tests="0" errors="0" skipped="0" failures="0">
  <properties>
    <property name="java.specification.version" value="16"/>
    <property name="sun.cpu.isalist" value="amd64"/>
    <property name="sun.jnu.encoding" value="Cp1252"/>
    <property name="java.class.path" value="E:\qualipro\trunk\AutomatisationTQualiPro_prod231\target\test-classes;E:\qualipro\trunk\AutomatisationTQualiPro_prod231\target\classes;C:\Users\fatma.chaouachi\.m2\repository\com\google\guava\guava\21.0\guava-21.0.jar;C:\Users\fatma.chaouachi\.m2\repository\com\fasterxml\jackson\core\jackson-databind\2.11.2\jackson-databind-2.11.2.jar;C:\Users\fatma.chaouachi\.m2\repository\com\fasterxml\jackson\core\jackson-core\2.11.2\jackson-core-2.11.2.jar;C:\Users\fatma.chaouachi\.m2\repository\com\fasterxml\jackson\core\jackson-annotations\2.11.2\jackson-annotations-2.11.2.jar;C:\Users\fatma.chaouachi\.m2\repository\com\fasterxml\jackson\jaxrs\jackson-jaxrs-xml-provider\2.4.1\jackson-jaxrs-xml-provider-2.4.1.jar;C:\Users\fatma.chaouachi\.m2\repository\com\fasterxml\jackson\jaxrs\jackson-jaxrs-base\2.4.1\jackson-jaxrs-base-2.4.1.jar;C:\Users\fatma.chaouachi\.m2\repository\com\fasterxml\jackson\dataformat\jackson-dataformat-xml\2.4.1\jackson-dataformat-xml-2.4.1.jar;C:\Users\fatma.chaouachi\.m2\repository\com\fasterxml\jackson\module\jackson-module-jaxb-annotations\2.4.1\jackson-module-jaxb-annotations-2.4.1.jar;C:\Users\fatma.chaouachi\.m2\repository\org\codehaus\woodstox\stax2-api\3.1.1\stax2-api-3.1.1.jar;C:\Users\fatma.chaouachi\.m2\repository\javax\xml\stream\stax-api\1.0-2\stax-api-1.0-2.jar;C:\Users\fatma.chaouachi\.m2\repository\org\codehaus\woodstox\woodstox-core-asl\4.1.4\woodstox-core-asl-4.1.4.jar;C:\Users\fatma.chaouachi\.m2\repository\org\codehaus\jackson\jackson-mapper-asl\1.9.4\jackson-mapper-asl-1.9.4.jar;C:\Users\fatma.chaouachi\.m2\repository\org\codehaus\jackson\jackson-core-asl\1.9.4\jackson-core-asl-1.9.4.jar;C:\Users\fatma.chaouachi\.m2\repository\io\cucumber\cucumber-java\5.6.0\cucumber-java-5.6.0.jar;C:\Users\fatma.chaouachi\.m2\repository\io\cucumber\cucumber-core\5.6.0\cucumber-core-5.6.0.jar;C:\Users\fatma.chaouachi\.m2\repository\io\cucumber\cucumber-gherkin\5.6.0\cucumber-gherkin-5.6.0.jar;C:\Users\fatma.chaouachi\.m2\repository\io\cucumber\cucumber-gherkin-vintage\5.6.0\cucumber-gherkin-vintage-5.6.0.jar;C:\Users\fatma.chaouachi\.m2\repository\io\cucumber\tag-expressions\2.0.4\tag-expressions-2.0.4.jar;C:\Users\fatma.chaouachi\.m2\repository\io\cucumber\cucumber-expressions\8.3.1\cucumber-expressions-8.3.1.jar;C:\Users\fatma.chaouachi\.m2\repository\io\cucumber\datatable\3.3.1\datatable-3.3.1.jar;C:\Users\fatma.chaouachi\.m2\repository\io\cucumber\cucumber-plugin\5.6.0\cucumber-plugin-5.6.0.jar;C:\Users\fatma.chaouachi\.m2\repository\io\cucumber\docstring\5.6.0\docstring-5.6.0.jar;C:\Users\fatma.chaouachi\.m2\repository\org\apiguardian\apiguardian-api\1.1.0\apiguardian-api-1.1.0.jar;C:\Users\fatma.chaouachi\.m2\repository\io\cucumber\cucumber-picocontainer\5.6.0\cucumber-picocontainer-5.6.0.jar;C:\Users\fatma.chaouachi\.m2\repository\org\picocontainer\picocontainer\2.15\picocontainer-2.15.jar;C:\Users\fatma.chaouachi\.m2\repository\io\cucumber\cucumber-junit\5.6.0\cucumber-junit-5.6.0.jar;C:\Users\fatma.chaouachi\.m2\repository\junit\junit\4.13\junit-4.13.jar;C:\Users\fatma.chaouachi\.m2\repository\org\hamcrest\hamcrest-core\1.3\hamcrest-core-1.3.jar;C:\Users\fatma.chaouachi\.m2\repository\org\json\json\20190722\json-20190722.jar;C:\Users\fatma.chaouachi\.m2\repository\de\monochromata\cucumber\reporting-plugin\4.0.89\reporting-plugin-4.0.89.jar;C:\Users\fatma.chaouachi\.m2\repository\io\cucumber\gherkin\15.0.2\gherkin-15.0.2.jar;C:\Users\fatma.chaouachi\.m2\repository\io\cucumber\messages\13.2.1\messages-13.2.1.jar;C:\Users\fatma.chaouachi\.m2\repository\io\cucumber\cucumber-testng\5.6.0\cucumber-testng-5.6.0.jar;C:\Users\fatma.chaouachi\.m2\repository\org\apache\commons\commons-lang3\3.9\commons-lang3-3.9.jar;C:\Users\fatma.chaouachi\.m2\repository\log4j\log4j\1.2.17\log4j-1.2.17.jar;C:\Users\fatma.chaouachi\.m2\repository\org\assertj\assertj-core\3.2.0\assertj-core-3.2.0.jar;C:\Users\fatma.chaouachi\.m2\repository\net\sourceforge\jexcelapi\jxl\2.6.12\jxl-2.6.12.jar;C:\Users\fatma.chaouachi\.m2\repository\commons-codec\commons-codec\1.10\commons-codec-1.10.jar;C:\Users\fatma.chaouachi\.m2\repository\net\code-story\simplelenium\2.2\simplelenium-2.2.jar;C:\Users\fatma.chaouachi\.m2\repository\org\seleniumhq\selenium\selenium-support\3.0.1\selenium-support-3.0.1.jar;C:\Users\fatma.chaouachi\.m2\repository\org\seleniumhq\selenium\selenium-chrome-driver\3.0.1\selenium-chrome-driver-3.0.1.jar;C:\Users\fatma.chaouachi\.m2\repository\org\apache\commons\commons-compress\1.12\commons-compress-1.12.jar;C:\Users\fatma.chaouachi\.m2\repository\org\slf4j\slf4j-log4j12\1.7.18\slf4j-log4j12-1.7.18.jar;C:\Users\fatma.chaouachi\.m2\repository\org\slf4j\slf4j-api\1.7.18\slf4j-api-1.7.18.jar;C:\Users\fatma.chaouachi\.m2\repository\com\sun\mail\javax.mail\1.6.2\javax.mail-1.6.2.jar;C:\Users\fatma.chaouachi\.m2\repository\javax\activation\activation\1.1\activation-1.1.jar;C:\Users\fatma.chaouachi\.m2\repository\org\apache\poi\poi-ooxml\3.17\poi-ooxml-3.17.jar;C:\Users\fatma.chaouachi\.m2\repository\org\apache\poi\poi\3.17\poi-3.17.jar;C:\Users\fatma.chaouachi\.m2\repository\org\apache\commons\commons-collections4\4.1\commons-collections4-4.1.jar;C:\Users\fatma.chaouachi\.m2\repository\org\apache\poi\poi-ooxml-schemas\3.17\poi-ooxml-schemas-3.17.jar;C:\Users\fatma.chaouachi\.m2\repository\org\apache\xmlbeans\xmlbeans\2.6.0\xmlbeans-2.6.0.jar;C:\Users\fatma.chaouachi\.m2\repository\stax\stax-api\1.0.1\stax-api-1.0.1.jar;C:\Users\fatma.chaouachi\.m2\repository\com\github\virtuald\curvesapi\1.04\curvesapi-1.04.jar;C:\Users\fatma.chaouachi\.m2\repository\org\apache\poi\poi-scratchpad\3.17\poi-scratchpad-3.17.jar;C:\Users\fatma.chaouachi\.m2\repository\com\sikulix\sikulixapi\1.1.0\sikulixapi-1.1.0.jar;C:\Users\fatma.chaouachi\.m2\repository\commons-cli\commons-cli\1.2\commons-cli-1.2.jar;C:\Users\fatma.chaouachi\.m2\repository\org\apache\commons\commons-exec\1.3\commons-exec-1.3.jar;C:\Users\fatma.chaouachi\.m2\repository\com\melloware\jintellitype\1.3.7\jintellitype-1.3.7.jar;C:\Users\fatma.chaouachi\.m2\repository\jxgrabkey\jxgrabkey\1.0\jxgrabkey-1.0.jar;C:\Users\fatma.chaouachi\.m2\repository\org\swinglabs\swing-layout\1.0.3\swing-layout-1.0.3.jar;C:\Users\fatma.chaouachi\.m2\repository\com\nativelibs4java\bridj\0.6.2\bridj-0.6.2.jar;C:\Users\fatma.chaouachi\.m2\repository\com\sikulix\sikulixlibswin\1.1.0\sikulixlibswin-1.1.0.jar;C:\Users\fatma.chaouachi\.m2\repository\org\testng\testng\7.3.0\testng-7.3.0.jar;C:\Users\fatma.chaouachi\.m2\repository\com\beust\jcommander\1.78\jcommander-1.78.jar;C:\Users\fatma.chaouachi\.m2\repository\org\apache\ant\ant\1.10.3\ant-1.10.3.jar;C:\Users\fatma.chaouachi\.m2\repository\org\apache\ant\ant-launcher\1.10.3\ant-launcher-1.10.3.jar;C:\Users\fatma.chaouachi\.m2\repository\com\google\inject\guice\4.2.2\guice-4.2.2-no_aop.jar;C:\Users\fatma.chaouachi\.m2\repository\javax\inject\javax.inject\1\javax.inject-1.jar;C:\Users\fatma.chaouachi\.m2\repository\org\yaml\snakeyaml\1.21\snakeyaml-1.21.jar;C:\Users\fatma.chaouachi\.m2\repository\aopalliance\aopalliance\1.0\aopalliance-1.0.jar;C:\Users\fatma.chaouachi\.m2\repository\net\masterthought\cucumber-reporting\5.3.0\cucumber-reporting-5.3.0.jar;C:\Users\fatma.chaouachi\.m2\repository\com\fasterxml\jackson\datatype\jackson-datatype-jsr310\2.10.1\jackson-datatype-jsr310-2.10.1.jar;C:\Users\fatma.chaouachi\.m2\repository\org\apache\velocity\velocity-engine-core\2.1\velocity-engine-core-2.1.jar;C:\Users\fatma.chaouachi\.m2\repository\commons-collections\commons-collections\3.2.2\commons-collections-3.2.2.jar;C:\Users\fatma.chaouachi\.m2\repository\joda-time\joda-time\2.10.5\joda-time-2.10.5.jar;C:\Users\fatma.chaouachi\.m2\repository\org\codehaus\plexus\plexus-utils\3.3.0\plexus-utils-3.3.0.jar;C:\Users\fatma.chaouachi\.m2\repository\org\jsoup\jsoup\1.12.1\jsoup-1.12.1.jar;C:\Users\fatma.chaouachi\.m2\repository\com\googlecode\owasp-java-html-sanitizer\owasp-java-html-sanitizer\20191001.1\owasp-java-html-sanitizer-20191001.1.jar;C:\Users\fatma.chaouachi\.m2\repository\commons-configuration\commons-configuration\1.10\commons-configuration-1.10.jar;C:\Users\fatma.chaouachi\.m2\repository\commons-lang\commons-lang\2.6\commons-lang-2.6.jar;C:\Users\fatma.chaouachi\.m2\repository\org\testng\reportng\1.2.2\reportng-1.2.2.jar;C:\Users\fatma.chaouachi\.m2\repository\org\freemarker\freemarker\2.3.28\freemarker-2.3.28.jar;C:\Users\fatma.chaouachi\.m2\repository\com\google\inject\guice\4.2.0\guice-4.2.0.jar;C:\Users\fatma.chaouachi\.m2\repository\com\github\oshi\oshi-core\3.11.0\oshi-core-3.11.0.jar;C:\Users\fatma.chaouachi\.m2\repository\net\java\dev\jna\jna-platform\5.1.0\jna-platform-5.1.0.jar;C:\Users\fatma.chaouachi\.m2\repository\com\1stleg\jnativehook\2.0.2\jnativehook-2.0.2.jar;C:\Users\fatma.chaouachi\.m2\repository\net\java\dev\jna\jna\5.2.0\jna-5.2.0.jar;C:\Users\fatma.chaouachi\.m2\repository\commons-io\commons-io\2.4\commons-io-2.4.jar;C:\Users\fatma.chaouachi\.m2\repository\org\seleniumhq\selenium\selenium-java\3.8.0\selenium-java-3.8.0.jar;C:\Users\fatma.chaouachi\.m2\repository\org\seleniumhq\selenium\selenium-api\3.8.0\selenium-api-3.8.0.jar;C:\Users\fatma.chaouachi\.m2\repository\org\seleniumhq\selenium\selenium-edge-driver\3.8.0\selenium-edge-driver-3.8.0.jar;C:\Users\fatma.chaouachi\.m2\repository\org\seleniumhq\selenium\selenium-opera-driver\3.8.0\selenium-opera-driver-3.8.0.jar;C:\Users\fatma.chaouachi\.m2\repository\org\seleniumhq\selenium\selenium-safari-driver\3.8.0\selenium-safari-driver-3.8.0.jar;C:\Users\fatma.chaouachi\.m2\repository\net\bytebuddy\byte-buddy\1.7.5\byte-buddy-1.7.5.jar;C:\Users\fatma.chaouachi\.m2\repository\commons-logging\commons-logging\1.2\commons-logging-1.2.jar;C:\Users\fatma.chaouachi\.m2\repository\com\google\code\gson\gson\2.8.2\gson-2.8.2.jar;C:\Users\fatma.chaouachi\.m2\repository\org\apache\httpcomponents\httpclient\4.5.3\httpclient-4.5.3.jar;C:\Users\fatma.chaouachi\.m2\repository\org\apache\httpcomponents\httpcore\4.4.6\httpcore-4.4.6.jar;C:\Users\fatma.chaouachi\.m2\repository\javax\mail\mail\1.4.7\mail-1.4.7.jar;C:\Users\fatma.chaouachi\.m2\repository\com\aventstack\extentreports\3.1.3\extentreports-3.1.3.jar;C:\Users\fatma.chaouachi\.m2\repository\org\mongodb\mongodb-driver\3.3.0\mongodb-driver-3.3.0.jar;C:\Users\fatma.chaouachi\.m2\repository\org\mongodb\bson\3.3.0\bson-3.3.0.jar;C:\Users\fatma.chaouachi\.m2\repository\org\mongodb\mongodb-driver-core\3.3.0\mongodb-driver-core-3.3.0.jar;C:\Users\fatma.chaouachi\.m2\repository\org\apache\httpcomponents\httpmime\4.5.2\httpmime-4.5.2.jar;C:\Users\fatma.chaouachi\.m2\repository\com\vimalselvam\cucumber-extentsreport\3.0.2\cucumber-extentsreport-3.0.2.jar;C:\Users\fatma.chaouachi\.m2\repository\org\seleniumhq\selenium\selenium-firefox-driver\3.8.0\selenium-firefox-driver-3.8.0.jar;C:\Users\fatma.chaouachi\.m2\repository\org\seleniumhq\selenium\selenium-ie-driver\3.8.0\selenium-ie-driver-3.8.0.jar;C:\Users\fatma.chaouachi\.m2\repository\org\seleniumhq\selenium\selenium-remote-driver\3.8.0\selenium-remote-driver-3.8.0.jar;C:\Users\fatma.chaouachi\.m2\repository\org\seleniumhq\selenium\selenium-server\3.8.0\selenium-server-3.8.0.jar;C:\Users\fatma.chaouachi\.m2\repository\org\apache\commons\commons-text\1.1\commons-text-1.1.jar;C:\Users\fatma.chaouachi\.m2\repository\commons-net\commons-net\3.6\commons-net-3.6.jar;C:\Users\fatma.chaouachi\.m2\repository\org\w3c\css\sac\1.3\sac-1.3.jar;C:\Users\fatma.chaouachi\.m2\repository\net\sourceforge\cssparser\cssparser\0.9.24\cssparser-0.9.24.jar;C:\Users\fatma.chaouachi\.m2\repository\net\sourceforge\htmlunit\htmlunit\2.28\htmlunit-2.28.jar;C:\Users\fatma.chaouachi\.m2\repository\net\sourceforge\htmlunit\htmlunit-core-js\2.28\htmlunit-core-js-2.28.jar;C:\Users\fatma.chaouachi\.m2\repository\net\sourceforge\htmlunit\neko-htmlunit\2.28\neko-htmlunit-2.28.jar;C:\Users\fatma.chaouachi\.m2\repository\net\jcip\jcip-annotations\1.0\jcip-annotations-1.0.jar;C:\Users\fatma.chaouachi\.m2\repository\org\seleniumhq\selenium\jetty-repacked\9.4.7.v20170914\jetty-repacked-9.4.7.v20170914.jar;C:\Users\fatma.chaouachi\.m2\repository\org\eclipse\jetty\jetty-client\9.4.7.v20170914\jetty-client-9.4.7.v20170914.jar;C:\Users\fatma.chaouachi\.m2\repository\org\eclipse\jetty\jetty-http\9.4.7.v20170914\jetty-http-9.4.7.v20170914.jar;C:\Users\fatma.chaouachi\.m2\repository\org\eclipse\jetty\jetty-io\9.4.7.v20170914\jetty-io-9.4.7.v20170914.jar;C:\Users\fatma.chaouachi\.m2\repository\org\eclipse\jetty\jetty-util\9.4.7.v20170914\jetty-util-9.4.7.v20170914.jar;C:\Users\fatma.chaouachi\.m2\repository\org\eclipse\jetty\jetty-xml\9.4.7.v20170914\jetty-xml-9.4.7.v20170914.jar;C:\Users\fatma.chaouachi\.m2\repository\org\seleniumhq\selenium\htmlunit-driver\2.28\htmlunit-driver-2.28.jar;C:\Users\fatma.chaouachi\.m2\repository\javax\servlet\javax.servlet-api\3.1.0\javax.servlet-api-3.1.0.jar;C:\Users\fatma.chaouachi\.m2\repository\org\eclipse\jetty\websocket\websocket-api\9.4.7.v20170914\websocket-api-9.4.7.v20170914.jar;C:\Users\fatma.chaouachi\.m2\repository\org\eclipse\jetty\websocket\websocket-client\9.4.7.v20170914\websocket-client-9.4.7.v20170914.jar;C:\Users\fatma.chaouachi\.m2\repository\org\eclipse\jetty\websocket\websocket-common\9.4.7.v20170914\websocket-common-9.4.7.v20170914.jar;C:\Users\fatma.chaouachi\.m2\repository\xalan\serializer\2.7.2\serializer-2.7.2.jar;C:\Users\fatma.chaouachi\.m2\repository\xalan\xalan\2.7.2\xalan-2.7.2.jar;C:\Users\fatma.chaouachi\.m2\repository\xerces\xercesImpl\2.11.0\xercesImpl-2.11.0.jar;C:\Users\fatma.chaouachi\.m2\repository\xml-apis\xml-apis\1.4.01\xml-apis-1.4.01.jar;C:\Users\fatma.chaouachi\.m2\repository\org\apache\maven\surefire\surefire-testng-utils\2.22.0\surefire-testng-utils-2.22.0.jar;C:\Users\fatma.chaouachi\.m2\repository\org\apache\maven\surefire\surefire-grouper\2.22.0\surefire-grouper-2.22.0.jar;"/>
    <property name="java.vm.vendor" value="Oracle Corporation"/>
    <property name="sun.arch.data.model" value="64"/>
    <property name="user.variant" value=""/>
    <property name="java.vendor.url" value="https://java.oracle.com/"/>
    <property name="user.timezone" value="Africa/Lagos"/>
    <property name="os.name" value="Windows 10"/>
    <property name="java.vm.specification.version" value="16"/>
    <property name="sun.java.launcher" value="SUN_STANDARD"/>
    <property name="user.country" value="FR"/>
    <property name="sun.boot.library.path" value="C:\Users\fatma.chaouachi\.jdks\openjdk-16.0.1\bin"/>
    <property name="sun.java.command" value="C:\Users\FATMA~1.CHA\AppData\Local\Temp\surefire773352348152636556\surefirebooter5916399939083301787.jar C:\Users\fatma.chaouachi\AppData\Local\Temp\surefire773352348152636556 2021-06-01T11-17-02_181-jvmRun1 surefire9217166304117151193tmp surefire_07651781009141890299tmp"/>
    <property name="jdk.debug" value="release"/>
    <property name="surefire.test.class.path" value="E:\qualipro\trunk\AutomatisationTQualiPro_prod231\target\test-classes;E:\qualipro\trunk\AutomatisationTQualiPro_prod231\target\classes;C:\Users\fatma.chaouachi\.m2\repository\com\google\guava\guava\21.0\guava-21.0.jar;C:\Users\fatma.chaouachi\.m2\repository\com\fasterxml\jackson\core\jackson-databind\2.11.2\jackson-databind-2.11.2.jar;C:\Users\fatma.chaouachi\.m2\repository\com\fasterxml\jackson\core\jackson-core\2.11.2\jackson-core-2.11.2.jar;C:\Users\fatma.chaouachi\.m2\repository\com\fasterxml\jackson\core\jackson-annotations\2.11.2\jackson-annotations-2.11.2.jar;C:\Users\fatma.chaouachi\.m2\repository\com\fasterxml\jackson\jaxrs\jackson-jaxrs-xml-provider\2.4.1\jackson-jaxrs-xml-provider-2.4.1.jar;C:\Users\fatma.chaouachi\.m2\repository\com\fasterxml\jackson\jaxrs\jackson-jaxrs-base\2.4.1\jackson-jaxrs-base-2.4.1.jar;C:\Users\fatma.chaouachi\.m2\repository\com\fasterxml\jackson\dataformat\jackson-dataformat-xml\2.4.1\jackson-dataformat-xml-2.4.1.jar;C:\Users\fatma.chaouachi\.m2\repository\com\fasterxml\jackson\module\jackson-module-jaxb-annotations\2.4.1\jackson-module-jaxb-annotations-2.4.1.jar;C:\Users\fatma.chaouachi\.m2\repository\org\codehaus\woodstox\stax2-api\3.1.1\stax2-api-3.1.1.jar;C:\Users\fatma.chaouachi\.m2\repository\javax\xml\stream\stax-api\1.0-2\stax-api-1.0-2.jar;C:\Users\fatma.chaouachi\.m2\repository\org\codehaus\woodstox\woodstox-core-asl\4.1.4\woodstox-core-asl-4.1.4.jar;C:\Users\fatma.chaouachi\.m2\repository\org\codehaus\jackson\jackson-mapper-asl\1.9.4\jackson-mapper-asl-1.9.4.jar;C:\Users\fatma.chaouachi\.m2\repository\org\codehaus\jackson\jackson-core-asl\1.9.4\jackson-core-asl-1.9.4.jar;C:\Users\fatma.chaouachi\.m2\repository\io\cucumber\cucumber-java\5.6.0\cucumber-java-5.6.0.jar;C:\Users\fatma.chaouachi\.m2\repository\io\cucumber\cucumber-core\5.6.0\cucumber-core-5.6.0.jar;C:\Users\fatma.chaouachi\.m2\repository\io\cucumber\cucumber-gherkin\5.6.0\cucumber-gherkin-5.6.0.jar;C:\Users\fatma.chaouachi\.m2\repository\io\cucumber\cucumber-gherkin-vintage\5.6.0\cucumber-gherkin-vintage-5.6.0.jar;C:\Users\fatma.chaouachi\.m2\repository\io\cucumber\tag-expressions\2.0.4\tag-expressions-2.0.4.jar;C:\Users\fatma.chaouachi\.m2\repository\io\cucumber\cucumber-expressions\8.3.1\cucumber-expressions-8.3.1.jar;C:\Users\fatma.chaouachi\.m2\repository\io\cucumber\datatable\3.3.1\datatable-3.3.1.jar;C:\Users\fatma.chaouachi\.m2\repository\io\cucumber\cucumber-plugin\5.6.0\cucumber-plugin-5.6.0.jar;C:\Users\fatma.chaouachi\.m2\repository\io\cucumber\docstring\5.6.0\docstring-5.6.0.jar;C:\Users\fatma.chaouachi\.m2\repository\org\apiguardian\apiguardian-api\1.1.0\apiguardian-api-1.1.0.jar;C:\Users\fatma.chaouachi\.m2\repository\io\cucumber\cucumber-picocontainer\5.6.0\cucumber-picocontainer-5.6.0.jar;C:\Users\fatma.chaouachi\.m2\repository\org\picocontainer\picocontainer\2.15\picocontainer-2.15.jar;C:\Users\fatma.chaouachi\.m2\repository\io\cucumber\cucumber-junit\5.6.0\cucumber-junit-5.6.0.jar;C:\Users\fatma.chaouachi\.m2\repository\junit\junit\4.13\junit-4.13.jar;C:\Users\fatma.chaouachi\.m2\repository\org\hamcrest\hamcrest-core\1.3\hamcrest-core-1.3.jar;C:\Users\fatma.chaouachi\.m2\repository\org\json\json\20190722\json-20190722.jar;C:\Users\fatma.chaouachi\.m2\repository\de\monochromata\cucumber\reporting-plugin\4.0.89\reporting-plugin-4.0.89.jar;C:\Users\fatma.chaouachi\.m2\repository\io\cucumber\gherkin\15.0.2\gherkin-15.0.2.jar;C:\Users\fatma.chaouachi\.m2\repository\io\cucumber\messages\13.2.1\messages-13.2.1.jar;C:\Users\fatma.chaouachi\.m2\repository\io\cucumber\cucumber-testng\5.6.0\cucumber-testng-5.6.0.jar;C:\Users\fatma.chaouachi\.m2\repository\org\apache\commons\commons-lang3\3.9\commons-lang3-3.9.jar;C:\Users\fatma.chaouachi\.m2\repository\log4j\log4j\1.2.17\log4j-1.2.17.jar;C:\Users\fatma.chaouachi\.m2\repository\org\assertj\assertj-core\3.2.0\assertj-core-3.2.0.jar;C:\Users\fatma.chaouachi\.m2\repository\net\sourceforge\jexcelapi\jxl\2.6.12\jxl-2.6.12.jar;C:\Users\fatma.chaouachi\.m2\repository\commons-codec\commons-codec\1.10\commons-codec-1.10.jar;C:\Users\fatma.chaouachi\.m2\repository\net\code-story\simplelenium\2.2\simplelenium-2.2.jar;C:\Users\fatma.chaouachi\.m2\repository\org\seleniumhq\selenium\selenium-support\3.0.1\selenium-support-3.0.1.jar;C:\Users\fatma.chaouachi\.m2\repository\org\seleniumhq\selenium\selenium-chrome-driver\3.0.1\selenium-chrome-driver-3.0.1.jar;C:\Users\fatma.chaouachi\.m2\repository\org\apache\commons\commons-compress\1.12\commons-compress-1.12.jar;C:\Users\fatma.chaouachi\.m2\repository\org\slf4j\slf4j-log4j12\1.7.18\slf4j-log4j12-1.7.18.jar;C:\Users\fatma.chaouachi\.m2\repository\org\slf4j\slf4j-api\1.7.18\slf4j-api-1.7.18.jar;C:\Users\fatma.chaouachi\.m2\repository\com\sun\mail\javax.mail\1.6.2\javax.mail-1.6.2.jar;C:\Users\fatma.chaouachi\.m2\repository\javax\activation\activation\1.1\activation-1.1.jar;C:\Users\fatma.chaouachi\.m2\repository\org\apache\poi\poi-ooxml\3.17\poi-ooxml-3.17.jar;C:\Users\fatma.chaouachi\.m2\repository\org\apache\poi\poi\3.17\poi-3.17.jar;C:\Users\fatma.chaouachi\.m2\repository\org\apache\commons\commons-collections4\4.1\commons-collections4-4.1.jar;C:\Users\fatma.chaouachi\.m2\repository\org\apache\poi\poi-ooxml-schemas\3.17\poi-ooxml-schemas-3.17.jar;C:\Users\fatma.chaouachi\.m2\repository\org\apache\xmlbeans\xmlbeans\2.6.0\xmlbeans-2.6.0.jar;C:\Users\fatma.chaouachi\.m2\repository\stax\stax-api\1.0.1\stax-api-1.0.1.jar;C:\Users\fatma.chaouachi\.m2\repository\com\github\virtuald\curvesapi\1.04\curvesapi-1.04.jar;C:\Users\fatma.chaouachi\.m2\repository\org\apache\poi\poi-scratchpad\3.17\poi-scratchpad-3.17.jar;C:\Users\fatma.chaouachi\.m2\repository\com\sikulix\sikulixapi\1.1.0\sikulixapi-1.1.0.jar;C:\Users\fatma.chaouachi\.m2\repository\commons-cli\commons-cli\1.2\commons-cli-1.2.jar;C:\Users\fatma.chaouachi\.m2\repository\org\apache\commons\commons-exec\1.3\commons-exec-1.3.jar;C:\Users\fatma.chaouachi\.m2\repository\com\melloware\jintellitype\1.3.7\jintellitype-1.3.7.jar;C:\Users\fatma.chaouachi\.m2\repository\jxgrabkey\jxgrabkey\1.0\jxgrabkey-1.0.jar;C:\Users\fatma.chaouachi\.m2\repository\org\swinglabs\swing-layout\1.0.3\swing-layout-1.0.3.jar;C:\Users\fatma.chaouachi\.m2\repository\com\nativelibs4java\bridj\0.6.2\bridj-0.6.2.jar;C:\Users\fatma.chaouachi\.m2\repository\com\sikulix\sikulixlibswin\1.1.0\sikulixlibswin-1.1.0.jar;C:\Users\fatma.chaouachi\.m2\repository\org\testng\testng\7.3.0\testng-7.3.0.jar;C:\Users\fatma.chaouachi\.m2\repository\com\beust\jcommander\1.78\jcommander-1.78.jar;C:\Users\fatma.chaouachi\.m2\repository\org\apache\ant\ant\1.10.3\ant-1.10.3.jar;C:\Users\fatma.chaouachi\.m2\repository\org\apache\ant\ant-launcher\1.10.3\ant-launcher-1.10.3.jar;C:\Users\fatma.chaouachi\.m2\repository\com\google\inject\guice\4.2.2\guice-4.2.2-no_aop.jar;C:\Users\fatma.chaouachi\.m2\repository\javax\inject\javax.inject\1\javax.inject-1.jar;C:\Users\fatma.chaouachi\.m2\repository\org\yaml\snakeyaml\1.21\snakeyaml-1.21.jar;C:\Users\fatma.chaouachi\.m2\repository\aopalliance\aopalliance\1.0\aopalliance-1.0.jar;C:\Users\fatma.chaouachi\.m2\repository\net\masterthought\cucumber-reporting\5.3.0\cucumber-reporting-5.3.0.jar;C:\Users\fatma.chaouachi\.m2\repository\com\fasterxml\jackson\datatype\jackson-datatype-jsr310\2.10.1\jackson-datatype-jsr310-2.10.1.jar;C:\Users\fatma.chaouachi\.m2\repository\org\apache\velocity\velocity-engine-core\2.1\velocity-engine-core-2.1.jar;C:\Users\fatma.chaouachi\.m2\repository\commons-collections\commons-collections\3.2.2\commons-collections-3.2.2.jar;C:\Users\fatma.chaouachi\.m2\repository\joda-time\joda-time\2.10.5\joda-time-2.10.5.jar;C:\Users\fatma.chaouachi\.m2\repository\org\codehaus\plexus\plexus-utils\3.3.0\plexus-utils-3.3.0.jar;C:\Users\fatma.chaouachi\.m2\repository\org\jsoup\jsoup\1.12.1\jsoup-1.12.1.jar;C:\Users\fatma.chaouachi\.m2\repository\com\googlecode\owasp-java-html-sanitizer\owasp-java-html-sanitizer\20191001.1\owasp-java-html-sanitizer-20191001.1.jar;C:\Users\fatma.chaouachi\.m2\repository\commons-configuration\commons-configuration\1.10\commons-configuration-1.10.jar;C:\Users\fatma.chaouachi\.m2\repository\commons-lang\commons-lang\2.6\commons-lang-2.6.jar;C:\Users\fatma.chaouachi\.m2\repository\org\testng\reportng\1.2.2\reportng-1.2.2.jar;C:\Users\fatma.chaouachi\.m2\repository\org\freemarker\freemarker\2.3.28\freemarker-2.3.28.jar;C:\Users\fatma.chaouachi\.m2\repository\com\google\inject\guice\4.2.0\guice-4.2.0.jar;C:\Users\fatma.chaouachi\.m2\repository\com\github\oshi\oshi-core\3.11.0\oshi-core-3.11.0.jar;C:\Users\fatma.chaouachi\.m2\repository\net\java\dev\jna\jna-platform\5.1.0\jna-platform-5.1.0.jar;C:\Users\fatma.chaouachi\.m2\repository\com\1stleg\jnativehook\2.0.2\jnativehook-2.0.2.jar;C:\Users\fatma.chaouachi\.m2\repository\net\java\dev\jna\jna\5.2.0\jna-5.2.0.jar;C:\Users\fatma.chaouachi\.m2\repository\commons-io\commons-io\2.4\commons-io-2.4.jar;C:\Users\fatma.chaouachi\.m2\repository\org\seleniumhq\selenium\selenium-java\3.8.0\selenium-java-3.8.0.jar;C:\Users\fatma.chaouachi\.m2\repository\org\seleniumhq\selenium\selenium-api\3.8.0\selenium-api-3.8.0.jar;C:\Users\fatma.chaouachi\.m2\repository\org\seleniumhq\selenium\selenium-edge-driver\3.8.0\selenium-edge-driver-3.8.0.jar;C:\Users\fatma.chaouachi\.m2\repository\org\seleniumhq\selenium\selenium-opera-driver\3.8.0\selenium-opera-driver-3.8.0.jar;C:\Users\fatma.chaouachi\.m2\repository\org\seleniumhq\selenium\selenium-safari-driver\3.8.0\selenium-safari-driver-3.8.0.jar;C:\Users\fatma.chaouachi\.m2\repository\net\bytebuddy\byte-buddy\1.7.5\byte-buddy-1.7.5.jar;C:\Users\fatma.chaouachi\.m2\repository\commons-logging\commons-logging\1.2\commons-logging-1.2.jar;C:\Users\fatma.chaouachi\.m2\repository\com\google\code\gson\gson\2.8.2\gson-2.8.2.jar;C:\Users\fatma.chaouachi\.m2\repository\org\apache\httpcomponents\httpclient\4.5.3\httpclient-4.5.3.jar;C:\Users\fatma.chaouachi\.m2\repository\org\apache\httpcomponents\httpcore\4.4.6\httpcore-4.4.6.jar;C:\Users\fatma.chaouachi\.m2\repository\javax\mail\mail\1.4.7\mail-1.4.7.jar;C:\Users\fatma.chaouachi\.m2\repository\com\aventstack\extentreports\3.1.3\extentreports-3.1.3.jar;C:\Users\fatma.chaouachi\.m2\repository\org\mongodb\mongodb-driver\3.3.0\mongodb-driver-3.3.0.jar;C:\Users\fatma.chaouachi\.m2\repository\org\mongodb\bson\3.3.0\bson-3.3.0.jar;C:\Users\fatma.chaouachi\.m2\repository\org\mongodb\mongodb-driver-core\3.3.0\mongodb-driver-core-3.3.0.jar;C:\Users\fatma.chaouachi\.m2\repository\org\apache\httpcomponents\httpmime\4.5.2\httpmime-4.5.2.jar;C:\Users\fatma.chaouachi\.m2\repository\com\vimalselvam\cucumber-extentsreport\3.0.2\cucumber-extentsreport-3.0.2.jar;C:\Users\fatma.chaouachi\.m2\repository\org\seleniumhq\selenium\selenium-firefox-driver\3.8.0\selenium-firefox-driver-3.8.0.jar;C:\Users\fatma.chaouachi\.m2\repository\org\seleniumhq\selenium\selenium-ie-driver\3.8.0\selenium-ie-driver-3.8.0.jar;C:\Users\fatma.chaouachi\.m2\repository\org\seleniumhq\selenium\selenium-remote-driver\3.8.0\selenium-remote-driver-3.8.0.jar;C:\Users\fatma.chaouachi\.m2\repository\org\seleniumhq\selenium\selenium-server\3.8.0\selenium-server-3.8.0.jar;C:\Users\fatma.chaouachi\.m2\repository\org\apache\commons\commons-text\1.1\commons-text-1.1.jar;C:\Users\fatma.chaouachi\.m2\repository\commons-net\commons-net\3.6\commons-net-3.6.jar;C:\Users\fatma.chaouachi\.m2\repository\org\w3c\css\sac\1.3\sac-1.3.jar;C:\Users\fatma.chaouachi\.m2\repository\net\sourceforge\cssparser\cssparser\0.9.24\cssparser-0.9.24.jar;C:\Users\fatma.chaouachi\.m2\repository\net\sourceforge\htmlunit\htmlunit\2.28\htmlunit-2.28.jar;C:\Users\fatma.chaouachi\.m2\repository\net\sourceforge\htmlunit\htmlunit-core-js\2.28\htmlunit-core-js-2.28.jar;C:\Users\fatma.chaouachi\.m2\repository\net\sourceforge\htmlunit\neko-htmlunit\2.28\neko-htmlunit-2.28.jar;C:\Users\fatma.chaouachi\.m2\repository\net\jcip\jcip-annotations\1.0\jcip-annotations-1.0.jar;C:\Users\fatma.chaouachi\.m2\repository\org\seleniumhq\selenium\jetty-repacked\9.4.7.v20170914\jetty-repacked-9.4.7.v20170914.jar;C:\Users\fatma.chaouachi\.m2\repository\org\eclipse\jetty\jetty-client\9.4.7.v20170914\jetty-client-9.4.7.v20170914.jar;C:\Users\fatma.chaouachi\.m2\repository\org\eclipse\jetty\jetty-http\9.4.7.v20170914\jetty-http-9.4.7.v20170914.jar;C:\Users\fatma.chaouachi\.m2\repository\org\eclipse\jetty\jetty-io\9.4.7.v20170914\jetty-io-9.4.7.v20170914.jar;C:\Users\fatma.chaouachi\.m2\repository\org\eclipse\jetty\jetty-util\9.4.7.v20170914\jetty-util-9.4.7.v20170914.jar;C:\Users\fatma.chaouachi\.m2\repository\org\eclipse\jetty\jetty-xml\9.4.7.v20170914\jetty-xml-9.4.7.v20170914.jar;C:\Users\fatma.chaouachi\.m2\repository\org\seleniumhq\selenium\htmlunit-driver\2.28\htmlunit-driver-2.28.jar;C:\Users\fatma.chaouachi\.m2\repository\javax\servlet\javax.servlet-api\3.1.0\javax.servlet-api-3.1.0.jar;C:\Users\fatma.chaouachi\.m2\repository\org\eclipse\jetty\websocket\websocket-api\9.4.7.v20170914\websocket-api-9.4.7.v20170914.jar;C:\Users\fatma.chaouachi\.m2\repository\org\eclipse\jetty\websocket\websocket-client\9.4.7.v20170914\websocket-client-9.4.7.v20170914.jar;C:\Users\fatma.chaouachi\.m2\repository\org\eclipse\jetty\websocket\websocket-common\9.4.7.v20170914\websocket-common-9.4.7.v20170914.jar;C:\Users\fatma.chaouachi\.m2\repository\xalan\serializer\2.7.2\serializer-2.7.2.jar;C:\Users\fatma.chaouachi\.m2\repository\xalan\xalan\2.7.2\xalan-2.7.2.jar;C:\Users\fatma.chaouachi\.m2\repository\xerces\xercesImpl\2.11.0\xercesImpl-2.11.0.jar;C:\Users\fatma.chaouachi\.m2\repository\xml-apis\xml-apis\1.4.01\xml-apis-1.4.01.jar;C:\Users\fatma.chaouachi\.m2\repository\org\apache\maven\surefire\surefire-testng-utils\2.22.0\surefire-testng-utils-2.22.0.jar;C:\Users\fatma.chaouachi\.m2\repository\org\apache\maven\surefire\surefire-grouper\2.22.0\surefire-grouper-2.22.0.jar;"/>
    <property name="sun.cpu.endian" value="little"/>
    <property name="user.home" value="C:\Users\fatma.chaouachi"/>
    <property name="user.language" value="fr"/>
    <property name="java.specification.vendor" value="Oracle Corporation"/>
    <property name="java.version.date" value="2021-04-20"/>
    <property name="java.home" value="C:\Users\fatma.chaouachi\.jdks\openjdk-16.0.1"/>
    <property name="testng.dtd.http" value="true"/>
    <property name="file.separator" value="\"/>
    <property name="basedir" value="E:\qualipro\trunk\AutomatisationTQualiPro_prod231"/>
    <property name="java.vm.compressedOopsMode" value="32-bit"/>
    <property name="line.separator" value="&#10;"/>
    <property name="java.vm.specification.vendor" value="Oracle Corporation"/>
    <property name="java.specification.name" value="Java Platform API Specification"/>
    <property name="surefire.real.class.path" value="C:\Users\FATMA~1.CHA\AppData\Local\Temp\surefire773352348152636556\surefirebooter5916399939083301787.jar"/>
    <property name="user.script" value=""/>
    <property name="sun.management.compiler" value="HotSpot 64-Bit Tiered Compilers"/>
    <property name="java.runtime.version" value="16.0.1+9-24"/>
    <property name="user.name" value="Fatma.chaouachi"/>
    <property name="path.separator" value=";"/>
    <property name="os.version" value="10.0"/>
    <property name="java.runtime.name" value="OpenJDK Runtime Environment"/>
    <property name="file.encoding" value="Cp1252"/>
    <property name="java.vm.name" value="OpenJDK 64-Bit Server VM"/>
    <property name="localRepository" value="C:\Users\fatma.chaouachi\.m2\repository"/>
    <property name="java.vendor.url.bug" value="https://bugreport.java.com/bugreport/"/>
    <property name="java.io.tmpdir" value="C:\Users\FATMA~1.CHA\AppData\Local\Temp\"/>
    <property name="idea.version" value="2021.1"/>
    <property name="java.version" value="16.0.1"/>
    <property name="user.dir" value="E:\qualipro\trunk\AutomatisationTQualiPro_prod231"/>
    <property name="os.arch" value="amd64"/>
    <property name="java.vm.specification.name" value="Java Virtual Machine Specification"/>
    <property name="sun.os.patch.level" value=""/>
    <property name="java.library.path" value="C:\Users\fatma.chaouachi\.jdks\openjdk-16.0.1\bin;C:\Windows\Sun\Java\bin;C:\Windows\system32;C:\Windows;C:\Program Files (x86)\Common Files\Oracle\Java\javapath;C:\Windows\system32;C:\Windows;C:\Windows\System32\Wbem;C:\Windows\System32\WindowsPowerShell\v1.0\;C:\Windows\System32\OpenSSH\;C:\Program Files\TortoiseSVN\bin;C:\Program Files\apache-maven-3.6.0\bin;C:\Program Files\java\jdk1.8.0_271\bin;C:\Program Files\apache-maven-3.6.0\bin;C:\Program Files\java\jdk1.8.0_271\bin;C:\Program Files\apache-maven-3.6.0\bin;C:\Program Files\Git\cmd;C:\Users\fatma.chaouachi\AppData\Local\Microsoft\WindowsApps;;."/>
    <property name="java.vm.info" value="mixed mode, sharing"/>
    <property name="java.vendor" value="Oracle Corporation"/>
    <property name="java.vm.version" value="16.0.1+9-24"/>
    <property name="sun.io.unicode.encoding" value="UnicodeLittle"/>
    <property name="java.class.version" value="60.0"/>
  </properties>
</testsuite>