<?xml version="1.0" encoding="UTF-8"?>
<!-- Generated by org.testng.reporters.JUnitReportReporter -->
<testsuite skipped="0" hostname="SCTB404" name="com.qualiprobdd.e2etests.DemandeActionRunner" tests="1" failures="0" timestamp="10 Jun 2020 13:56:44 GMT" time="190.759" errors="0">
  <testcase name="feature" time="190.759" classname="com.qualiprobdd.e2etests.DemandeActionRunner"/>
</testsuite> <!-- com.qualiprobdd.e2etests.DemandeActionRunner -->
