<?xml version="1.0" encoding="UTF-8"?>
<!-- Generated by org.testng.reporters.JUnitReportReporter -->
<testsuite hostname="SCTB404" failures="0" tests="1" name="com.qualiprobdd.e2etests.ReclamationClientRunner" time="698.411" errors="0" timestamp="2020-10-06T10:54:50 WAT" skipped="0">
  <testcase classname="com.qualiprobdd.e2etests.ReclamationClientRunner" name="feature" time="698.411"/>
  <system-out/>
</testsuite> <!-- com.qualiprobdd.e2etests.ReclamationClientRunner -->
