<?xml version="1.0" encoding="UTF-8"?>
<!-- Generated by org.testng.reporters.JUnitReportReporter -->
<testsuite skipped="0" hostname="SCTB404" name="com.qualiprobdd.e2etests.DocumentationRunner" tests="1" failures="0" timestamp="10 Jun 2020 14:29:58 GMT" time="298.897" errors="0">
  <testcase name="feature" time="298.897" classname="com.qualiprobdd.e2etests.DocumentationRunner"/>
</testsuite> <!-- com.qualiprobdd.e2etests.DocumentationRunner -->
