<?xml version="1.0" encoding="UTF-8"?>
<!-- Generated by org.testng.reporters.JUnitReportReporter -->
<testsuite skipped="0" hostname="SCTB404" name="com.qualiprobdd.e2etests.AuditRunner" tests="1" failures="0" timestamp="10 Jun 2020 13:50:06 GMT" time="311.833" errors="0">
  <testcase name="feature" time="311.833" classname="com.qualiprobdd.e2etests.AuditRunner"/>
</testsuite> <!-- com.qualiprobdd.e2etests.AuditRunner -->
