<?xml version="1.0" encoding="UTF-8"?>
<!-- Generated by org.testng.reporters.JUnitReportReporter -->
<testsuite skipped="0" hostname="SCTB404" name="com.qualiprobdd.e2etests.IncidentEnvRunner" tests="1" failures="0" timestamp="16 May 2020 22:32:30 GMT" time="356.740" errors="0">
  <testcase name="feature" time="356.740" classname="com.qualiprobdd.e2etests.IncidentEnvRunner"/>
</testsuite> <!-- com.qualiprobdd.e2etests.IncidentEnvRunner -->
