<?xml version="1.0" encoding="UTF-8"?>
<!-- Generated by org.testng.reporters.JUnitReportReporter -->
<testsuite skipped="0" hostname="SCTB404" name="com.qualiprobdd.e2etests.DocPlusieursResponsablesRunner" tests="1" failures="0" timestamp="17 mai 2020 00:42:44 GMT" time="1512.472" errors="0">
  <testcase name="feature" time="1512.472" classname="com.qualiprobdd.e2etests.DocPlusieursResponsablesRunner"/>
</testsuite> <!-- com.qualiprobdd.e2etests.DocPlusieursResponsablesRunner -->
