<?xml version="1.0" encoding="UTF-8"?>
<!-- Generated by org.testng.reporters.JUnitReportReporter -->
<testsuite skipped="0" hostname="SCTB404" name="com.qualiprobdd.e2etests.SatisfactionClientRunner" tests="1" failures="0" timestamp="10 Jun 2020 16:00:49 GMT" time="134.870" errors="0">
  <testcase name="feature" time="134.870" classname="com.qualiprobdd.e2etests.SatisfactionClientRunner"/>
</testsuite> <!-- com.qualiprobdd.e2etests.SatisfactionClientRunner -->
