<?xml version="1.0" encoding="UTF-8"?>
<!-- Generated by org.testng.reporters.JUnitReportReporter -->
<testsuite skipped="0" hostname="SCTB404" name="com.qualiprobdd.e2etests.TypeRéunionRunner" tests="1" failures="0" timestamp="12 Jun 2019 15:42:56 GMT" time="23.052" errors="0">
  <testcase name="feature" time="23.052" classname="com.qualiprobdd.e2etests.TypeRéunionRunner"/>
</testsuite> <!-- com.qualiprobdd.e2etests.TypeRéunionRunner -->
