<?xml version="1.0" encoding="UTF-8"?>
<!-- Generated by org.testng.reporters.JUnitReportReporter -->
<testsuite skipped="0" hostname="SCTB404" name="com.qualiprobdd.e2etests.DocumentSpiraleRunner" tests="1" failures="0" timestamp="15 Apr 2020 11:24:59 GMT" time="620.247" errors="0">
  <testcase name="feature" time="620.247" classname="com.qualiprobdd.e2etests.DocumentSpiraleRunner"/>
</testsuite> <!-- com.qualiprobdd.e2etests.DocumentSpiraleRunner -->
