<?xml version="1.0" encoding="UTF-8"?>
<!-- Generated by org.testng.reporters.JUnitReportReporter -->
<testsuite hostname="SCTB404" failures="0" tests="1" name="com.qualiprobdd.e2etests.SatisfactionPersonnelRunner" time="562.458" errors="0" timestamp="2020-10-08T08:31:44 WAT" skipped="0">
  <testcase classname="com.qualiprobdd.e2etests.SatisfactionPersonnelRunner" name="feature" time="562.458"/>
  <system-out/>
</testsuite> <!-- com.qualiprobdd.e2etests.SatisfactionPersonnelRunner -->
