<?xml version="1.0" encoding="UTF-8"?>
<!-- Generated by org.testng.reporters.JUnitReportReporter -->
<testsuite skipped="0" hostname="SRV-DEV01" name="com.qualiprobdd.e2etests.AuditRunner" tests="1" failures="0" timestamp="02 Oct 2020 05:43:51 GMT" time="469.703" errors="0">
  <testcase name="feature" time="469.703" classname="com.qualiprobdd.e2etests.AuditRunner"/>
</testsuite> <!-- com.qualiprobdd.e2etests.AuditRunner -->
