<?xml version="1.0" encoding="UTF-8"?>
<!-- Generated by org.testng.reporters.JUnitReportReporter -->
<testsuite skipped="0" hostname="SRV-DEV01" name="com.qualiprobdd.e2etests.DocumentationReportingRunner" tests="1" failures="0" timestamp="06 Jan 2020 16:56:14 GMT" time="953.801" errors="0">
  <testcase name="feature" time="953.801" classname="com.qualiprobdd.e2etests.DocumentationReportingRunner"/>
</testsuite> <!-- com.qualiprobdd.e2etests.DocumentationReportingRunner -->
