<?xml version="1.0" encoding="UTF-8"?>
<!-- Generated by org.testng.reporters.JUnitReportReporter -->
<testsuite skipped="0" hostname="SRV-DEV01" name="com.qualiprobdd.e2etests.DocumentationRunner" tests="1" failures="0" timestamp="02 Oct 2020 04:54:09 GMT" time="525.017" errors="0">
  <testcase name="feature" time="525.017" classname="com.qualiprobdd.e2etests.DocumentationRunner"/>
</testsuite> <!-- com.qualiprobdd.e2etests.DocumentationRunner -->
