<?xml version="1.0" encoding="UTF-8"?>
<!-- Generated by org.testng.reporters.JUnitReportReporter -->
<testsuite skipped="0" hostname="SRV-DEV01" name="com.qualiprobdd.e2etests.SatisfactionPersonnelRunner" tests="1" failures="0" timestamp="02 Oct 2020 02:28:05 GMT" time="742.721" errors="0">
  <testcase name="feature" time="742.721" classname="com.qualiprobdd.e2etests.SatisfactionPersonnelRunner"/>
</testsuite> <!-- com.qualiprobdd.e2etests.SatisfactionPersonnelRunner -->
