<?xml version="1.0" encoding="UTF-8"?>
<!-- Generated by org.testng.reporters.JUnitReportReporter -->
<testsuite skipped="0" hostname="SRV-DEV01" name="com.qualiprobdd.e2etests.ActionRunner" tests="1" failures="0" timestamp="02 Oct 2020 05:33:56 GMT" time="694.420" errors="0">
  <testcase name="feature" time="694.420" classname="com.qualiprobdd.e2etests.ActionRunner"/>
</testsuite> <!-- com.qualiprobdd.e2etests.ActionRunner -->
