<?xml version="1.0" encoding="UTF-8"?>
<!-- Generated by org.testng.reporters.JUnitReportReporter -->
<testsuite skipped="0" hostname="SRV-DEV01" name="com.qualiprobdd.e2etests.EvalFournisseurRunner" tests="1" failures="0" timestamp="02 Oct 2020 04:20:20 GMT" time="281.390" errors="0">
  <testcase name="feature" time="281.390" classname="com.qualiprobdd.e2etests.EvalFournisseurRunner"/>
</testsuite> <!-- com.qualiprobdd.e2etests.EvalFournisseurRunner -->
