<?xml version="1.0" encoding="UTF-8"?>
<!-- Generated by org.testng.reporters.JUnitReportReporter -->
<testsuite skipped="0" hostname="SRV-DEV01" name="com.qualiprobdd.e2etests.DemandeFormationRunner" tests="1" failures="0" timestamp="02 Oct 2020 06:00:02 GMT" time="838.048" errors="0">
  <testcase name="feature" time="838.048" classname="com.qualiprobdd.e2etests.DemandeFormationRunner"/>
</testsuite> <!-- com.qualiprobdd.e2etests.DemandeFormationRunner -->
