<?xml version="1.0" encoding="UTF-8"?>
<!-- Generated by org.testng.reporters.JUnitReportReporter -->
<testsuite skipped="0" hostname="SRV-DEV01" name="com.qualiprobdd.e2etests.PNCRunner" tests="1" failures="0" timestamp="02 Oct 2020 06:32:42 GMT" time="127.974" errors="0">
  <testcase name="feature" time="127.974" classname="com.qualiprobdd.e2etests.PNCRunner"/>
</testsuite> <!-- com.qualiprobdd.e2etests.PNCRunner -->
