<?xml version="1.0" encoding="UTF-8"?>
<!-- Generated by org.testng.reporters.JUnitReportReporter -->
<testsuite skipped="1" hostname="SRV-DEV01" name="com.qualiprobdd.e2etests.IndicateurRunner" tests="1" failures="0" timestamp="02 Oct 2020 04:30:36 GMT" time="0.000" errors="0">
  <testcase name="feature" time="0.000" classname="com.qualiprobdd.e2etests.IndicateurRunner">
    <skipped/>
  </testcase> <!-- feature -->
</testsuite> <!-- com.qualiprobdd.e2etests.IndicateurRunner -->
